<?xml version="1.0" encoding="UTF-8"?>
<!-- Generated by org.testng.reporters.JUnitXMLReporter -->
<testsuite ignored="0" hostname="DESKTOP-UMGRVA8" failures="1" tests="1" name="Test" time="62.272" errors="0" timestamp="2025-04-11T12:12:37 IST">
  <testcase classname="Campaign.CreateCampaignTest" name="createCampaignTest" time="26.403">
    <failure type="java.lang.AssertionError" message="expected [true] but found [false]">
      <![CDATA[java.lang.AssertionError: expected [true] but found [false]
at Campaign.CreateCampaignTest.createCampaignTest(CreateCampaignTest.java:150)
at java.base/java.util.ArrayList.forEach(ArrayList.java:1596)
... Removed 32 stack frames]]>
    </failure>
  </testcase> <!-- createCampaignTest -->
</testsuite> <!-- Test -->
